[2021-04-22T09:15:53.096] [DEBUG] cheese - {"code":500,"message":"系统繁忙，请稍后重试","detailMsg":"failed to get dubbo response"}
[2021-04-22T09:16:59.068] [DEBUG] cheese - {"msg":"操作成功","result":[{"createTime":1617847463000,"creatorId":49,"creatorName":"陈苏","delStatus":0,"deviceType":0,"id":1293,"imageUrl":"data/hxq/online/banner/20210408/20210408102545356.jpg","imageUrlStr":"https://file.haoxinqing.cn//data/hxq/online/banner/20210408/20210408102545356.jpg","link":"https://mp.haoxinqing.cn/activity/app/kepulianmeng","offlineTime":1649381673000,"onlineTime":1617845673000,"position":11,"priority":1,"professionalFieldTypes":"3,2,1","status":1,"targetId":0,"targetType":1,"targetUrl":"https://mp.haoxinqing.cn/activity/app/kepulianmeng","title":"科普联盟","type":1,"updateTime":1617850604000,"updatorId":49,"updatorName":"陈苏","userType":0}],"code":1000,"requestId":"71ee3499bab09db91e7e28bd2a832392"}
[2021-04-22T09:17:56.380] [DEBUG] cheese - {
  msg: '操作成功',
  result: [
    {
      createTime: 1617847463000,
      creatorId: 49,
      creatorName: '陈苏',
      delStatus: 0,
      deviceType: 0,
      id: 1293,
      imageUrl: 'data/hxq/online/banner/20210408/20210408102545356.jpg',
      imageUrlStr: 'https://file.haoxinqing.cn//data/hxq/online/banner/20210408/20210408102545356.jpg',
      link: 'https://mp.haoxinqing.cn/activity/app/kepulianmeng',
      offlineTime: 1649381673000,
      onlineTime: 1617845673000,
      position: 11,
      priority: 1,
      professionalFieldTypes: '3,2,1',
      status: 1,
      targetId: 0,
      targetType: 1,
      targetUrl: 'https://mp.haoxinqing.cn/activity/app/kepulianmeng',
      title: '科普联盟',
      type: 1,
      updateTime: 1617850604000,
      updatorId: 49,
      updatorName: '陈苏',
      userType: 0
    }
  ],
  code: 1000,
  requestId: '71ee3499bab09db91e7e28bd2a832392'
}
[2021-04-22T22:15:25.901] [DEBUG] cheese - undefined
[2021-04-22T22:15:29.415] [DEBUG] cheese - undefined
[2021-04-22T22:15:30.432] [DEBUG] cheese - undefined
